11:28:12:839 [TestNG-tests-1] INFO  testCases.TC001_AccountRegistrationTest - ***** Starting TC001_AccountRegistrationTest *****
11:28:13:008 [TestNG-tests-1] INFO  testCases.TC001_AccountRegistrationTest - ***** Clicked on MyAccount link *****
11:28:14:070 [TestNG-tests-1] INFO  testCases.TC001_AccountRegistrationTest - ***** Clicked on Register Link *****
11:28:14:075 [TestNG-tests-1] INFO  testCases.TC001_AccountRegistrationTest - ***** Providing Customer details *****
11:28:15:624 [TestNG-tests-1] INFO  testCases.TC001_AccountRegistrationTest - ***** Validating expected message *****
11:28:15:695 [TestNG-tests-1] INFO  testCases.TC001_AccountRegistrationTest - ***** Finished TC001_AccountRegistrationTest *****
13:29:09:838 [main] INFO  org.testng.internal.Utils - [TestNG] Running:
  C:\Workspace\19-09-2024\Opencartv121\master.xml

13:29:37:584 [main] INFO  testCases.TC001_AccountRegistrationTest - ***** Starting TC001_AccountRegistrationTest *****
13:29:38:053 [main] INFO  testCases.TC001_AccountRegistrationTest - ***** Clicked on MyAccount link *****
13:29:38:828 [main] INFO  testCases.TC001_AccountRegistrationTest - ***** Clicked on Register Link *****
13:29:38:832 [main] INFO  testCases.TC001_AccountRegistrationTest - ***** Providing Customer details *****
13:29:40:419 [main] INFO  testCases.TC001_AccountRegistrationTest - ***** Validating expected message *****
13:29:40:472 [main] INFO  testCases.TC001_AccountRegistrationTest - ***** Finished TC001_AccountRegistrationTest *****
13:29:47:803 [main] INFO  testCases.TC002_LoginTest - Starting TC002_LoginTest
13:29:49:637 [main] INFO  testCases.TC002_LoginTest - Finished TC002_LoginTest
13:30:33:570 [main] INFO  org.testng.internal.Utils - [TestNG] Running:
  C:\Workspace\19-09-2024\Opencartv121\master.xml

13:30:40:720 [main] INFO  testCases.TC001_AccountRegistrationTest - ***** Starting TC001_AccountRegistrationTest *****
13:30:41:090 [main] INFO  testCases.TC001_AccountRegistrationTest - ***** Clicked on MyAccount link *****
13:30:41:837 [main] INFO  testCases.TC001_AccountRegistrationTest - ***** Clicked on Register Link *****
13:30:41:845 [main] INFO  testCases.TC001_AccountRegistrationTest - ***** Providing Customer details *****
13:30:43:350 [main] INFO  testCases.TC001_AccountRegistrationTest - ***** Validating expected message *****
13:30:43:395 [main] INFO  testCases.TC001_AccountRegistrationTest - ***** Finished TC001_AccountRegistrationTest *****
13:30:52:082 [main] INFO  testCases.TC002_LoginTest - Starting TC002_LoginTest
13:47:34:565 [main] INFO  org.testng.internal.Utils - [TestNG] Running:
  C:\Workspace\19-09-2024\Opencartv121\grouping.xml

13:47:43:251 [main] INFO  testCases.TC001_AccountRegistrationTest - ***** Starting TC001_AccountRegistrationTest *****
13:47:43:940 [main] INFO  testCases.TC001_AccountRegistrationTest - ***** Clicked on MyAccount link *****
13:47:44:791 [main] INFO  testCases.TC001_AccountRegistrationTest - ***** Clicked on Register Link *****
13:47:44:805 [main] INFO  testCases.TC001_AccountRegistrationTest - ***** Providing Customer details *****
13:47:46:520 [main] INFO  testCases.TC001_AccountRegistrationTest - ***** Validating expected message *****
13:47:46:567 [main] INFO  testCases.TC001_AccountRegistrationTest - ***** Finished TC001_AccountRegistrationTest *****
13:47:56:749 [main] INFO  testCases.TC002_LoginTest - Starting TC002_LoginTest
14:47:31:748 [main] INFO  org.testng.internal.Utils - [TestNG] Running:
  C:\Workspace\19-09-2024\Opencartv121\master.xml

14:47:44:788 [main] INFO  testCases.TC001_AccountRegistrationTest - ***** Starting TC001_AccountRegistrationTest *****
14:47:45:005 [main] INFO  testCases.TC001_AccountRegistrationTest - ***** Clicked on MyAccount link *****
14:47:46:289 [main] INFO  testCases.TC001_AccountRegistrationTest - ***** Clicked on Register Link *****
14:47:46:294 [main] INFO  testCases.TC001_AccountRegistrationTest - ***** Providing Customer details *****
14:47:47:827 [main] INFO  testCases.TC001_AccountRegistrationTest - ***** Validating expected message *****
14:47:47:875 [main] INFO  testCases.TC001_AccountRegistrationTest - ***** Finished TC001_AccountRegistrationTest *****
14:47:56:541 [main] INFO  testCases.TC002_LoginTest - Starting TC002_LoginTest
19:46:31:978 [main] INFO  testCases.TC001_AccountRegistrationTest - ***** Starting TC001_AccountRegistrationTest *****
19:46:42:539 [main] ERROR testCases.TC001_AccountRegistrationTest - Test failed due to an exception: element not interactable
  (Session info: chrome=131.0.6778.265)
Build info: version: '4.21.0', revision: '79ed462ef4'
System info: os.name: 'Windows 10', os.arch: 'amd64', os.version: '10.0', java.version: '23'
Driver info: org.openqa.selenium.chrome.ChromeDriver
Command: [1c0254605623632bac85648741ffdc5f, clickElement {id=f.037CC81171698DD1DB46CB179BE5C6E9.d.5C530251561A0E83A79CB9500C0DEB9B.e.4}]
Capabilities {acceptInsecureCerts: false, browserName: chrome, browserVersion: 131.0.6778.265, chrome: {chromedriverVersion: 131.0.6778.264 (2d05e315153..., userDataDir: C:\Users\HP\AppData\Local\T...}, fedcm:accounts: true, goog:chromeOptions: {debuggerAddress: localhost:60880}, networkConnectionEnabled: false, pageLoadStrategy: normal, platformName: windows, proxy: Proxy(), se:cdp: ws://localhost:60880/devtoo..., se:cdpVersion: 131.0.6778.265, setWindowRect: true, strictFileInteractability: false, timeouts: {implicit: 0, pageLoad: 300000, script: 30000}, unhandledPromptBehavior: dismiss and notify, webauthn:extension:credBlob: true, webauthn:extension:largeBlob: true, webauthn:extension:minPinLength: true, webauthn:extension:prf: true, webauthn:virtualAuthenticators: true}
Element: [[ChromeDriver: chrome on windows (1c0254605623632bac85648741ffdc5f)] -> xpath: //span[normalize-space()='My Account']]
Session ID: 1c0254605623632bac85648741ffdc5f
