15:18:11:942 [main] INFO  org.testng.internal.Utils - [Utils] MethodGroupsHelper.sortMethods() took 0 ms.
15:18:11:949 [main] INFO  org.testng.internal.Utils - [Utils] MethodGroupsHelper.collectMethodsByGroup() took 0 ms.
15:18:11:949 [main] INFO  org.testng.internal.Utils - [Utils] MethodGroupsHelper.sortMethods() took 0 ms.
15:18:11:966 [main] INFO  org.testng.internal.Utils - [TestNG] Running:
  C:\Users\HP\AppData\Local\Temp\testng-eclipse--2133608295\testng-customsuite.xml

15:42:16:725 [main] INFO  org.testng.internal.Utils - [TestNG] Running:
  C:\Workspace\19-09-2024\Opencartv121\master.xml

15:42:41:071 [main] INFO  testCases.TC001_AccountRegistrationTest - ***** Starting TC001_AccountRegistrationTest *****
15:42:41:113 [main] ERROR testCases.TC001_AccountRegistrationTest - Test failed due to an exception: Cannot invoke "org.openqa.selenium.SearchContext.findElement(org.openqa.selenium.By)" because "this.searchContext" is null
15:42:54:592 [main] INFO  org.testng.internal.Utils - [TestNG] Running:
  C:\Workspace\19-09-2024\Opencartv121\master.xml

15:43:11:240 [main] INFO  testCases.TC001_AccountRegistrationTest - ***** Starting TC001_AccountRegistrationTest *****
15:43:11:292 [main] ERROR testCases.TC001_AccountRegistrationTest - Test failed due to an exception: Cannot invoke "org.openqa.selenium.SearchContext.findElement(org.openqa.selenium.By)" because "this.searchContext" is null
15:46:54:646 [main] INFO  org.testng.internal.Utils - [TestNG] Running:
  C:\Workspace\19-09-2024\Opencartv121\master.xml

15:47:05:458 [main] INFO  testCases.TC001_AccountRegistrationTest - ***** Starting TC001_AccountRegistrationTest *****
15:47:05:532 [main] ERROR testCases.TC001_AccountRegistrationTest - Test failed due to an exception: Cannot invoke "org.openqa.selenium.SearchContext.findElement(org.openqa.selenium.By)" because "this.searchContext" is null
15:48:09:189 [main] INFO  org.testng.internal.Utils - [TestNG] Running:
  C:\Workspace\19-09-2024\Opencartv121\master.xml

15:48:20:134 [main] INFO  testCases.TC001_AccountRegistrationTest - ***** Starting TC001_AccountRegistrationTest *****
15:48:20:191 [main] ERROR testCases.TC001_AccountRegistrationTest - Test failed due to an exception: Cannot invoke "org.openqa.selenium.SearchContext.findElement(org.openqa.selenium.By)" because "this.searchContext" is null
15:50:32:944 [main] INFO  org.testng.internal.Utils - [TestNG] Running:
  C:\Workspace\19-09-2024\Opencartv121\master.xml

15:50:39:368 [main] INFO  testCases.TC001_AccountRegistrationTest - ***** Starting TC001_AccountRegistrationTest *****
15:50:39:434 [main] ERROR testCases.TC001_AccountRegistrationTest - Test failed due to an exception: Cannot invoke "org.openqa.selenium.SearchContext.findElement(org.openqa.selenium.By)" because "this.searchContext" is null
13:28:11:949 [main] INFO  org.testng.internal.Utils - [TestNG] Running:
  C:\Workspace\19-09-2024\Opencartv121\master.xml

13:28:30:670 [main] INFO  testCases.TC001_AccountRegistrationTest - ***** Starting TC001_AccountRegistrationTest *****
13:28:30:738 [main] ERROR testCases.TC001_AccountRegistrationTest - Test failed due to an exception: Cannot invoke "org.openqa.selenium.SearchContext.findElement(org.openqa.selenium.By)" because "this.searchContext" is null
13:43:57:983 [main] INFO  org.testng.internal.Utils - [TestNG] Running:
  C:\Workspace\19-09-2024\Opencartv121\master.xml

13:44:06:330 [main] INFO  testCases.TC001_AccountRegistrationTest - ***** Starting TC001_AccountRegistrationTest *****
13:44:06:369 [main] ERROR testCases.TC001_AccountRegistrationTest - Test failed due to an exception: Cannot invoke "org.openqa.selenium.SearchContext.findElement(org.openqa.selenium.By)" because "this.searchContext" is null
13:44:46:871 [main] INFO  org.testng.internal.Utils - [TestNG] Running:
  C:\Workspace\19-09-2024\Opencartv121\master.xml

13:44:54:891 [main] INFO  testCases.TC001_AccountRegistrationTest - ***** Starting TC001_AccountRegistrationTest *****
13:44:54:938 [main] ERROR testCases.TC001_AccountRegistrationTest - Test failed due to an exception: Cannot invoke "org.openqa.selenium.SearchContext.findElement(org.openqa.selenium.By)" because "this.searchContext" is null
13:54:51:943 [main] INFO  org.testng.internal.Utils - [TestNG] Running:
  C:\Workspace\19-09-2024\Opencartv121\master.xml

13:55:00:172 [main] INFO  testCases.TC001_AccountRegistrationTest - ***** Starting TC001_AccountRegistrationTest *****
13:55:00:292 [main] ERROR testCases.TC001_AccountRegistrationTest - Test failed due to an exception: WebDriver is not initialized!
14:37:48:224 [main] INFO  org.testng.internal.Utils - [TestNG] Running:
  C:\Workspace\19-09-2024\Opencartv121\master.xml

14:38:12:865 [main] INFO  testCases.TC001_AccountRegistrationTest - ***** Starting TC001_AccountRegistrationTest *****
14:38:13:358 [main] ERROR testCases.TC001_AccountRegistrationTest - Test failed due to an exception: Cannot invoke "org.openqa.selenium.SearchContext.findElement(org.openqa.selenium.By)" because "this.searchContext" is null
