14:27:04:306 [main] INFO  org.testng.internal.Utils - [TestNG] Running:
  C:\Workspace\19-09-2024\Opencartv121\grouping.xml

14:27:13:488 [main] INFO  testCases.TC001_AccountRegistrationTest - ***** Starting TC001_AccountRegistrationTest *****
14:27:13:644 [main] INFO  testCases.TC001_AccountRegistrationTest - ***** Clicked on MyAccount link *****
14:27:14:432 [main] INFO  testCases.TC001_AccountRegistrationTest - ***** Clicked on Register Link *****
14:27:14:436 [main] INFO  testCases.TC001_AccountRegistrationTest - ***** Providing Customer details *****
14:27:15:985 [main] INFO  testCases.TC001_AccountRegistrationTest - ***** Validating expected message *****
14:27:16:033 [main] INFO  testCases.TC001_AccountRegistrationTest - ***** Finished TC001_AccountRegistrationTest *****
14:27:25:230 [main] INFO  testCases.TC002_LoginTest - Starting TC002_LoginTest
14:36:11:829 [main] INFO  org.testng.internal.Utils - [TestNG] Running:
  C:\Workspace\19-09-2024\Opencartv121\grouping.xml

14:36:19:121 [main] INFO  testCases.TC001_AccountRegistrationTest - ***** Starting TC001_AccountRegistrationTest *****
14:36:19:326 [main] INFO  testCases.TC001_AccountRegistrationTest - ***** Clicked on MyAccount link *****
14:36:19:964 [main] INFO  testCases.TC001_AccountRegistrationTest - ***** Clicked on Register Link *****
14:36:19:972 [main] INFO  testCases.TC001_AccountRegistrationTest - ***** Providing Customer details *****
14:36:21:343 [main] INFO  testCases.TC001_AccountRegistrationTest - ***** Validating expected message *****
14:37:18:689 [main] INFO  org.testng.internal.Utils - [TestNG] Running:
  C:\Workspace\19-09-2024\Opencartv121\test-output\testng-failed.xml

14:37:27:773 [main] INFO  testCases.TC002_LoginTest - Starting TC002_LoginTest
14:39:07:604 [main] INFO  org.testng.internal.Utils - [TestNG] Running:
  C:\Workspace\19-09-2024\Opencartv121\test-output\testng-failed.xml

14:39:17:679 [main] INFO  testCases.TC002_LoginTest - Starting TC002_LoginTest
14:51:00:375 [main] INFO  org.testng.internal.Utils - [TestNG] Running:
  C:\Workspace\19-09-2024\Opencartv121\grouping.xml

14:51:12:796 [main] INFO  testCases.TC001_AccountRegistrationTest - ***** Starting TC001_AccountRegistrationTest *****
14:51:12:999 [main] INFO  testCases.TC001_AccountRegistrationTest - ***** Clicked on MyAccount link *****
14:51:13:831 [main] INFO  testCases.TC001_AccountRegistrationTest - ***** Clicked on Register Link *****
14:51:13:838 [main] INFO  testCases.TC001_AccountRegistrationTest - ***** Providing Customer details *****
14:51:15:267 [main] INFO  testCases.TC001_AccountRegistrationTest - ***** Validating expected message *****
14:51:15:313 [main] INFO  testCases.TC001_AccountRegistrationTest - ***** Finished TC001_AccountRegistrationTest *****
14:51:22:320 [main] INFO  testCases.TC002_LoginTest - Starting TC002_LoginTest
14:53:56:392 [main] INFO  org.testng.internal.Utils - [TestNG] Running:
  C:\Workspace\19-09-2024\Opencartv121\test-output\testng-failed.xml

14:54:04:893 [main] INFO  testCases.TC002_LoginTest - Starting TC002_LoginTest
14:54:06:478 [main] INFO  testCases.TC002_LoginTest - Finished TC002_LoginTest
14:55:41:087 [main] INFO  org.testng.internal.Utils - [TestNG] Running:
  C:\Workspace\19-09-2024\Opencartv121\test-output\testng-failed.xml

14:55:48:034 [main] INFO  testCases.TC002_LoginTest - Starting TC002_LoginTest
14:56:43:078 [main] INFO  org.testng.internal.Utils - [TestNG] Running:
  C:\Workspace\19-09-2024\Opencartv121\grouping.xml

14:56:52:745 [main] INFO  testCases.TC001_AccountRegistrationTest - ***** Starting TC001_AccountRegistrationTest *****
14:56:52:912 [main] INFO  testCases.TC001_AccountRegistrationTest - ***** Clicked on MyAccount link *****
14:56:53:828 [main] INFO  testCases.TC001_AccountRegistrationTest - ***** Clicked on Register Link *****
14:56:53:835 [main] INFO  testCases.TC001_AccountRegistrationTest - ***** Providing Customer details *****
14:56:55:289 [main] INFO  testCases.TC001_AccountRegistrationTest - ***** Validating expected message *****
14:56:55:336 [main] INFO  testCases.TC001_AccountRegistrationTest - ***** Finished TC001_AccountRegistrationTest *****
14:57:05:648 [main] INFO  testCases.TC002_LoginTest - Starting TC002_LoginTest
15:03:36:598 [main] INFO  org.testng.internal.Utils - [TestNG] Running:
  C:\Workspace\19-09-2024\Opencartv121\test-output\testng-failed.xml

15:03:45:129 [main] INFO  testCases.TC002_LoginTest - Starting TC002_LoginTest
13:13:57:565 [main] INFO  org.testng.internal.Utils - [TestNG] Running:
  C:\Workspace\19-09-2024\Opencartv121\grouping.xml

13:14:38:211 [main] INFO  testCases.TC001_AccountRegistrationTest - ***** Starting TC001_AccountRegistrationTest *****
13:14:38:867 [main] INFO  testCases.TC001_AccountRegistrationTest - ***** Clicked on MyAccount link *****
13:14:39:818 [main] INFO  testCases.TC001_AccountRegistrationTest - ***** Clicked on Register Link *****
13:14:40:056 [main] INFO  testCases.TC001_AccountRegistrationTest - ***** Providing Customer details *****
